c:\users\isabe\documents\fh\3.semester\game dev\repo\gamedev2022isadomi\assignment5\tmp\win32\release\vc143.pdb
c:\users\domi\desktop\fh-mmt\semester3\mmp2a_isa_domi\tmp\win32\release\vc143.pdb
c:\users\domi\desktop\fh-mmt\semester3\mmp2a_isa_domi\tmp\win32\release\spritemanager.obj
c:\users\domi\desktop\fh-mmt\semester3\mmp2a_isa_domi\tmp\win32\release\rigidbodycomponent.obj
c:\users\domi\desktop\fh-mmt\semester3\mmp2a_isa_domi\tmp\win32\release\playershootcomponent.obj
c:\users\domi\desktop\fh-mmt\semester3\mmp2a_isa_domi\tmp\win32\release\playermovecomponent.obj
c:\users\domi\desktop\fh-mmt\semester3\mmp2a_isa_domi\tmp\win32\release\playeranimationcomponent.obj
c:\users\domi\desktop\fh-mmt\semester3\mmp2a_isa_domi\tmp\win32\release\physicsmanager.obj
c:\users\domi\desktop\fh-mmt\semester3\mmp2a_isa_domi\tmp\win32\release\objectfactory.obj
c:\users\domi\desktop\fh-mmt\semester3\mmp2a_isa_domi\tmp\win32\release\obeliskhealthcomponent.obj
c:\users\domi\desktop\fh-mmt\semester3\mmp2a_isa_domi\tmp\win32\release\gameobjectmanager.obj
c:\users\domi\desktop\fh-mmt\semester3\mmp2a_isa_domi\tmp\win32\release\gameobjectevents.obj
c:\users\domi\desktop\fh-mmt\semester3\mmp2a_isa_domi\tmp\win32\release\enemystatemanager.obj
c:\users\domi\desktop\fh-mmt\semester3\mmp2a_isa_domi\tmp\win32\release\enemiemovementcomponent.obj
c:\users\domi\desktop\fh-mmt\semester3\mmp2a_isa_domi\tmp\win32\release\debugdraw.obj
c:\users\domi\desktop\fh-mmt\semester3\mmp2a_isa_domi\tmp\win32\release\collidercomponent.obj
c:\users\domi\desktop\fh-mmt\semester3\mmp2a_isa_domi\tmp\win32\release\camerarendercomponent.obj
c:\users\domi\desktop\fh-mmt\semester3\mmp2a_isa_domi\tmp\win32\release\bulletpool.obj
c:\users\domi\desktop\fh-mmt\semester3\mmp2a_isa_domi\tmp\win32\release\tilelayerrendercomponent.obj
c:\users\domi\desktop\fh-mmt\semester3\mmp2a_isa_domi\tmp\win32\release\mainstate.obj
c:\users\domi\desktop\fh-mmt\semester3\mmp2a_isa_domi\tmp\win32\release\gameobject.obj
c:\users\domi\desktop\fh-mmt\semester3\mmp2a_isa_domi\tmp\win32\release\game.obj
c:\users\domi\desktop\fh-mmt\semester3\mmp2a_isa_domi\tmp\win32\release\transformanimationsmoothfollow.obj
c:\users\domi\desktop\fh-mmt\semester3\mmp2a_isa_domi\tmp\win32\release\transformanimationcomponent.obj
c:\users\domi\desktop\fh-mmt\semester3\mmp2a_isa_domi\tmp\win32\release\tilemaploader.obj
c:\users\domi\desktop\fh-mmt\semester3\mmp2a_isa_domi\tmp\win32\release\spriterendercomponent.obj
c:\users\domi\desktop\fh-mmt\semester3\mmp2a_isa_domi\tmp\win32\release\finalfrontier-x86-release.pch
c:\users\domi\desktop\fh-mmt\semester3\mmp2a_isa_domi\tmp\win32\release\stdafx.obj
c:\users\domi\desktop\fh-mmt\semester3\mmp2a_isa_domi\tmp\win32\release\eventbus.obj
c:\users\domi\desktop\fh-mmt\semester3\mmp2a_isa_domi\tmp\win32\release\animation.obj
c:\users\domi\desktop\fh-mmt\semester3\mmp2a_isa_domi\tmp\win32\release\animatedsprite.obj
c:\users\domi\desktop\fh-mmt\semester3\mmp2a_isa_domi\tmp\win32\release\main.obj
c:\users\domi\desktop\fh-mmt\semester3\mmp2a_isa_domi\tmp\win32\release\menustate.obj
c:\users\domi\desktop\fh-mmt\semester3\mmp2a_isa_domi\tmp\win32\release\inputmanager.obj
c:\users\domi\desktop\fh-mmt\semester3\mmp2a_isa_domi\tmp\win32\release\gamestatemanager.obj
c:\users\domi\desktop\fh-mmt\semester3\mmp2a_isa_domi\tmp\win32\release\transformanimationconstantmotion.obj
c:\users\domi\desktop\fh-mmt\semester3\mmp2a_isa_domi\tmp\win32\release\rendercomponentevents.obj
c:\users\domi\desktop\fh-mmt\semester3\mmp2a_isa_domi\tmp\win32\release\physicscomponentevents.obj
c:\users\domi\desktop\fh-mmt\semester3\mmp2a_isa_domi\bin\finalfrontier-x86-release.lib
c:\users\domi\desktop\fh-mmt\semester3\mmp2a_isa_domi\bin\finalfrontier-x86-release.exp
c:\users\domi\desktop\fh-mmt\semester3\mmp2a_isa_domi\bin\finalfrontier-x86-release.exe
c:\users\domi\desktop\fh-mmt\semester3\mmp2a_isa_domi\tmp\win32\release\finalfrontier-x86-release.iobj
c:\users\domi\desktop\fh-mmt\semester3\mmp2a_isa_domi\bin\finalfrontier-x86-release.pdb
c:\users\domi\desktop\fh-mmt\semester3\mmp2a_isa_domi\tmp\win32\release\finalfrontier-x86-release.ipdb
c:\users\domi\desktop\fh-mmt\semester3\mmp2a_isa_domi\vs2022\..\bin\finalfrontier-x86-release.pdb
c:\users\domi\desktop\fh-mmt\semester3\mmp2a_isa_domi\vs2022\..\tmp\win32\release\finalfrontier.vcxproj.filelistabsolute.txt
c:\users\domi\desktop\fh-mmt\semester3\mmp2a_isa_domi\tmp\win32\release\finalfrontier.tlog\cl.command.1.tlog
c:\users\domi\desktop\fh-mmt\semester3\mmp2a_isa_domi\tmp\win32\release\finalfrontier.tlog\cl.items.tlog
c:\users\domi\desktop\fh-mmt\semester3\mmp2a_isa_domi\tmp\win32\release\finalfrontier.tlog\cl.read.1.tlog
c:\users\domi\desktop\fh-mmt\semester3\mmp2a_isa_domi\tmp\win32\release\finalfrontier.tlog\cl.write.1.tlog
c:\users\domi\desktop\fh-mmt\semester3\mmp2a_isa_domi\tmp\win32\release\finalfrontier.tlog\link.command.1.tlog
c:\users\domi\desktop\fh-mmt\semester3\mmp2a_isa_domi\tmp\win32\release\finalfrontier.tlog\link.read.1.tlog
c:\users\domi\desktop\fh-mmt\semester3\mmp2a_isa_domi\tmp\win32\release\finalfrontier.tlog\link.write.1.tlog
c:\users\domi\desktop\fh-mmt\semester3\mmp2a_isa_domi\tmp\win32\release\finalfrontier.tlog\link.write.2u.tlog
