  stdafx.cpp
  main.cpp
  MainState.cpp
C:\Users\Domi\Desktop\FH-MMT\Semester3\mmp2a_isa_domi\src\Tileson.hpp(2670,28): warning C4244: 'argument': conversion from 'std::streamoff' to 'const unsigned int', possible loss of data
  (compiling source file '/src/MainState.cpp')
  
C:\Users\Domi\Desktop\FH-MMT\Semester3\mmp2a_isa_domi\src\MainState.cpp(319,38): warning C4244: 'initializing': conversion from 'int' to 'float', possible loss of data
  (compiling source file '/src/MainState.cpp')
  
C:\Users\Domi\Desktop\FH-MMT\Semester3\mmp2a_isa_domi\src\MainState.cpp(341,34): warning C4244: 'argument': conversion from 'float' to '_Ty', possible loss of data
C:\Users\Domi\Desktop\FH-MMT\Semester3\mmp2a_isa_domi\src\MainState.cpp(341,34): warning C4244:         with
C:\Users\Domi\Desktop\FH-MMT\Semester3\mmp2a_isa_domi\src\MainState.cpp(341,34): warning C4244:         [
C:\Users\Domi\Desktop\FH-MMT\Semester3\mmp2a_isa_domi\src\MainState.cpp(341,34): warning C4244:             _Ty=int
C:\Users\Domi\Desktop\FH-MMT\Semester3\mmp2a_isa_domi\src\MainState.cpp(341,34): warning C4244:         ]
  (compiling source file '/src/MainState.cpp')
  
C:\Users\Domi\Desktop\FH-MMT\Semester3\mmp2a_isa_domi\src\MainState.cpp(349,52): warning C4244: 'argument': conversion from 'float' to '_Ty', possible loss of data
C:\Users\Domi\Desktop\FH-MMT\Semester3\mmp2a_isa_domi\src\MainState.cpp(349,52): warning C4244:         with
C:\Users\Domi\Desktop\FH-MMT\Semester3\mmp2a_isa_domi\src\MainState.cpp(349,52): warning C4244:         [
C:\Users\Domi\Desktop\FH-MMT\Semester3\mmp2a_isa_domi\src\MainState.cpp(349,52): warning C4244:             _Ty=int
C:\Users\Domi\Desktop\FH-MMT\Semester3\mmp2a_isa_domi\src\MainState.cpp(349,52): warning C4244:         ]
  (compiling source file '/src/MainState.cpp')
  
C:\Users\Domi\Desktop\FH-MMT\Semester3\mmp2a_isa_domi\src\MainState.cpp(360,23): warning C4018: '<': signed/unsigned mismatch
  (compiling source file '/src/MainState.cpp')
  
C:\Program Files\Microsoft Visual Studio\2022\Community\VC\Tools\MSVC\14.38.33130\include\algorithm(7926,17): warning C4244: 'argument': conversion from 'int' to 'const _Ty', possible loss of data
C:\Program Files\Microsoft Visual Studio\2022\Community\VC\Tools\MSVC\14.38.33130\include\algorithm(7926,17): warning C4244:         with
C:\Program Files\Microsoft Visual Studio\2022\Community\VC\Tools\MSVC\14.38.33130\include\algorithm(7926,17): warning C4244:         [
C:\Program Files\Microsoft Visual Studio\2022\Community\VC\Tools\MSVC\14.38.33130\include\algorithm(7926,17): warning C4244:             _Ty=float
C:\Program Files\Microsoft Visual Studio\2022\Community\VC\Tools\MSVC\14.38.33130\include\algorithm(7926,17): warning C4244:         ]
  (compiling source file '/src/MainState.cpp')
  C:\Program Files\Microsoft Visual Studio\2022\Community\VC\Tools\MSVC\14.38.33130\include\algorithm(7926,17):
  the template instantiation context (the oldest one first) is
  	C:\Users\Domi\Desktop\FH-MMT\Semester3\mmp2a_isa_domi\src\MainState.cpp(306,10):
  	see reference to function template instantiation 'void std::sort<std::_Vector_iterator<std::_Vector_val<std::_Simple_types<_Ty>>>,std::less<float>>(const _RanIt,const _RanIt,_Pr)' being compiled
          with
          [
              _Ty=int,
              _RanIt=std::_Vector_iterator<std::_Vector_val<std::_Simple_types<int>>>,
              _Pr=std::less<float>
          ]
  	C:\Program Files\Microsoft Visual Studio\2022\Community\VC\Tools\MSVC\14.38.33130\include\algorithm(8081,5):
  	see reference to function template instantiation 'void std::_Sort_unchecked<int*,_Fn>(_RanIt,_RanIt,int,_Pr)' being compiled
          with
          [
              _Fn=std::less<float>,
              _RanIt=int *,
              _Pr=std::less<float>
          ]
  	C:\Program Files\Microsoft Visual Studio\2022\Community\VC\Tools\MSVC\14.38.33130\include\algorithm(8051,13):
  	see reference to function template instantiation '_BidIt std::_Insertion_sort_unchecked<_RanIt,_Pr>(const _BidIt,const _BidIt,_Pr)' being compiled
          with
          [
              _BidIt=int *,
              _RanIt=int *,
              _Pr=std::less<float>
          ]
  
C:\Program Files\Microsoft Visual Studio\2022\Community\VC\Tools\MSVC\14.38.33130\include\algorithm(7930,44): warning C4244: 'argument': conversion from 'int' to 'const _Ty', possible loss of data
C:\Program Files\Microsoft Visual Studio\2022\Community\VC\Tools\MSVC\14.38.33130\include\algorithm(7930,44): warning C4244:         with
C:\Program Files\Microsoft Visual Studio\2022\Community\VC\Tools\MSVC\14.38.33130\include\algorithm(7930,44): warning C4244:         [
C:\Program Files\Microsoft Visual Studio\2022\Community\VC\Tools\MSVC\14.38.33130\include\algorithm(7930,44): warning C4244:             _Ty=float
C:\Program Files\Microsoft Visual Studio\2022\Community\VC\Tools\MSVC\14.38.33130\include\algorithm(7930,44): warning C4244:         ]
  (compiling source file '/src/MainState.cpp')
  
C:\Program Files\Microsoft Visual Studio\2022\Community\VC\Tools\MSVC\14.38.33130\include\algorithm(7983,33): warning C4244: 'argument': conversion from 'int' to 'const _Ty', possible loss of data
C:\Program Files\Microsoft Visual Studio\2022\Community\VC\Tools\MSVC\14.38.33130\include\algorithm(7983,33): warning C4244:         with
C:\Program Files\Microsoft Visual Studio\2022\Community\VC\Tools\MSVC\14.38.33130\include\algorithm(7983,33): warning C4244:         [
C:\Program Files\Microsoft Visual Studio\2022\Community\VC\Tools\MSVC\14.38.33130\include\algorithm(7983,33): warning C4244:             _Ty=float
C:\Program Files\Microsoft Visual Studio\2022\Community\VC\Tools\MSVC\14.38.33130\include\algorithm(7983,33): warning C4244:         ]
  (compiling source file '/src/MainState.cpp')
  C:\Program Files\Microsoft Visual Studio\2022\Community\VC\Tools\MSVC\14.38.33130\include\algorithm(7983,33):
  the template instantiation context (the oldest one first) is
  	C:\Program Files\Microsoft Visual Studio\2022\Community\VC\Tools\MSVC\14.38.33130\include\algorithm(8062,21):
  	see reference to function template instantiation 'std::pair<_RanIt,_RanIt> std::_Partition_by_median_guess_unchecked<_RanIt,_Pr>(_RanIt,_RanIt,_Pr)' being compiled
          with
          [
              _RanIt=int *,
              _Pr=std::less<float>
          ]
  
C:\Program Files\Microsoft Visual Studio\2022\Community\VC\Tools\MSVC\14.38.33130\include\algorithm(7984,32): warning C4244: 'argument': conversion from 'int' to 'const _Ty', possible loss of data
C:\Program Files\Microsoft Visual Studio\2022\Community\VC\Tools\MSVC\14.38.33130\include\algorithm(7984,32): warning C4244:         with
C:\Program Files\Microsoft Visual Studio\2022\Community\VC\Tools\MSVC\14.38.33130\include\algorithm(7984,32): warning C4244:         [
C:\Program Files\Microsoft Visual Studio\2022\Community\VC\Tools\MSVC\14.38.33130\include\algorithm(7984,32): warning C4244:             _Ty=float
C:\Program Files\Microsoft Visual Studio\2022\Community\VC\Tools\MSVC\14.38.33130\include\algorithm(7984,32): warning C4244:         ]
  (compiling source file '/src/MainState.cpp')
  
C:\Program Files\Microsoft Visual Studio\2022\Community\VC\Tools\MSVC\14.38.33130\include\algorithm(7984,22): warning C4244: 'argument': conversion from 'int' to 'const _Ty', possible loss of data
C:\Program Files\Microsoft Visual Studio\2022\Community\VC\Tools\MSVC\14.38.33130\include\algorithm(7984,22): warning C4244:         with
C:\Program Files\Microsoft Visual Studio\2022\Community\VC\Tools\MSVC\14.38.33130\include\algorithm(7984,22): warning C4244:         [
C:\Program Files\Microsoft Visual Studio\2022\Community\VC\Tools\MSVC\14.38.33130\include\algorithm(7984,22): warning C4244:             _Ty=float
C:\Program Files\Microsoft Visual Studio\2022\Community\VC\Tools\MSVC\14.38.33130\include\algorithm(7984,22): warning C4244:         ]
  (compiling source file '/src/MainState.cpp')
  
C:\Program Files\Microsoft Visual Studio\2022\Community\VC\Tools\MSVC\14.38.33130\include\algorithm(7988,31): warning C4244: 'argument': conversion from 'int' to 'const _Ty', possible loss of data
C:\Program Files\Microsoft Visual Studio\2022\Community\VC\Tools\MSVC\14.38.33130\include\algorithm(7988,31): warning C4244:         with
C:\Program Files\Microsoft Visual Studio\2022\Community\VC\Tools\MSVC\14.38.33130\include\algorithm(7988,31): warning C4244:         [
C:\Program Files\Microsoft Visual Studio\2022\Community\VC\Tools\MSVC\14.38.33130\include\algorithm(7988,31): warning C4244:             _Ty=float
C:\Program Files\Microsoft Visual Studio\2022\Community\VC\Tools\MSVC\14.38.33130\include\algorithm(7988,31): warning C4244:         ]
  (compiling source file '/src/MainState.cpp')
  
C:\Program Files\Microsoft Visual Studio\2022\Community\VC\Tools\MSVC\14.38.33130\include\algorithm(7988,92): warning C4244: 'argument': conversion from 'int' to 'const _Ty', possible loss of data
C:\Program Files\Microsoft Visual Studio\2022\Community\VC\Tools\MSVC\14.38.33130\include\algorithm(7988,92): warning C4244:         with
C:\Program Files\Microsoft Visual Studio\2022\Community\VC\Tools\MSVC\14.38.33130\include\algorithm(7988,92): warning C4244:         [
C:\Program Files\Microsoft Visual Studio\2022\Community\VC\Tools\MSVC\14.38.33130\include\algorithm(7988,92): warning C4244:             _Ty=float
C:\Program Files\Microsoft Visual Studio\2022\Community\VC\Tools\MSVC\14.38.33130\include\algorithm(7988,92): warning C4244:         ]
  (compiling source file '/src/MainState.cpp')
  
C:\Program Files\Microsoft Visual Studio\2022\Community\VC\Tools\MSVC\14.38.33130\include\algorithm(7988,82): warning C4244: 'argument': conversion from 'int' to 'const _Ty', possible loss of data
C:\Program Files\Microsoft Visual Studio\2022\Community\VC\Tools\MSVC\14.38.33130\include\algorithm(7988,82): warning C4244:         with
C:\Program Files\Microsoft Visual Studio\2022\Community\VC\Tools\MSVC\14.38.33130\include\algorithm(7988,82): warning C4244:         [
C:\Program Files\Microsoft Visual Studio\2022\Community\VC\Tools\MSVC\14.38.33130\include\algorithm(7988,82): warning C4244:             _Ty=float
C:\Program Files\Microsoft Visual Studio\2022\Community\VC\Tools\MSVC\14.38.33130\include\algorithm(7988,82): warning C4244:         ]
  (compiling source file '/src/MainState.cpp')
  
C:\Program Files\Microsoft Visual Studio\2022\Community\VC\Tools\MSVC\14.38.33130\include\algorithm(7997,17): warning C4244: 'argument': conversion from 'int' to 'const _Ty', possible loss of data
C:\Program Files\Microsoft Visual Studio\2022\Community\VC\Tools\MSVC\14.38.33130\include\algorithm(7997,17): warning C4244:         with
C:\Program Files\Microsoft Visual Studio\2022\Community\VC\Tools\MSVC\14.38.33130\include\algorithm(7997,17): warning C4244:         [
C:\Program Files\Microsoft Visual Studio\2022\Community\VC\Tools\MSVC\14.38.33130\include\algorithm(7997,17): warning C4244:             _Ty=float
C:\Program Files\Microsoft Visual Studio\2022\Community\VC\Tools\MSVC\14.38.33130\include\algorithm(7997,17): warning C4244:         ]
  (compiling source file '/src/MainState.cpp')
  
C:\Program Files\Microsoft Visual Studio\2022\Community\VC\Tools\MSVC\14.38.33130\include\algorithm(7999,40): warning C4244: 'argument': conversion from 'int' to 'const _Ty', possible loss of data
C:\Program Files\Microsoft Visual Studio\2022\Community\VC\Tools\MSVC\14.38.33130\include\algorithm(7999,40): warning C4244:         with
C:\Program Files\Microsoft Visual Studio\2022\Community\VC\Tools\MSVC\14.38.33130\include\algorithm(7999,40): warning C4244:         [
C:\Program Files\Microsoft Visual Studio\2022\Community\VC\Tools\MSVC\14.38.33130\include\algorithm(7999,40): warning C4244:             _Ty=float
C:\Program Files\Microsoft Visual Studio\2022\Community\VC\Tools\MSVC\14.38.33130\include\algorithm(7999,40): warning C4244:         ]
  (compiling source file '/src/MainState.cpp')
  
C:\Program Files\Microsoft Visual Studio\2022\Community\VC\Tools\MSVC\14.38.33130\include\algorithm(7999,30): warning C4244: 'argument': conversion from 'int' to 'const _Ty', possible loss of data
C:\Program Files\Microsoft Visual Studio\2022\Community\VC\Tools\MSVC\14.38.33130\include\algorithm(7999,30): warning C4244:         with
C:\Program Files\Microsoft Visual Studio\2022\Community\VC\Tools\MSVC\14.38.33130\include\algorithm(7999,30): warning C4244:         [
C:\Program Files\Microsoft Visual Studio\2022\Community\VC\Tools\MSVC\14.38.33130\include\algorithm(7999,30): warning C4244:             _Ty=float
C:\Program Files\Microsoft Visual Studio\2022\Community\VC\Tools\MSVC\14.38.33130\include\algorithm(7999,30): warning C4244:         ]
  (compiling source file '/src/MainState.cpp')
  
C:\Program Files\Microsoft Visual Studio\2022\Community\VC\Tools\MSVC\14.38.33130\include\algorithm(8011,17): warning C4244: 'argument': conversion from 'int' to 'const _Ty', possible loss of data
C:\Program Files\Microsoft Visual Studio\2022\Community\VC\Tools\MSVC\14.38.33130\include\algorithm(8011,17): warning C4244:         with
C:\Program Files\Microsoft Visual Studio\2022\Community\VC\Tools\MSVC\14.38.33130\include\algorithm(8011,17): warning C4244:         [
C:\Program Files\Microsoft Visual Studio\2022\Community\VC\Tools\MSVC\14.38.33130\include\algorithm(8011,17): warning C4244:             _Ty=float
C:\Program Files\Microsoft Visual Studio\2022\Community\VC\Tools\MSVC\14.38.33130\include\algorithm(8011,17): warning C4244:         ]
  (compiling source file '/src/MainState.cpp')
  
C:\Program Files\Microsoft Visual Studio\2022\Community\VC\Tools\MSVC\14.38.33130\include\algorithm(8013,40): warning C4244: 'argument': conversion from 'int' to 'const _Ty', possible loss of data
C:\Program Files\Microsoft Visual Studio\2022\Community\VC\Tools\MSVC\14.38.33130\include\algorithm(8013,40): warning C4244:         with
C:\Program Files\Microsoft Visual Studio\2022\Community\VC\Tools\MSVC\14.38.33130\include\algorithm(8013,40): warning C4244:         [
C:\Program Files\Microsoft Visual Studio\2022\Community\VC\Tools\MSVC\14.38.33130\include\algorithm(8013,40): warning C4244:             _Ty=float
C:\Program Files\Microsoft Visual Studio\2022\Community\VC\Tools\MSVC\14.38.33130\include\algorithm(8013,40): warning C4244:         ]
  (compiling source file '/src/MainState.cpp')
  
C:\Program Files\Microsoft Visual Studio\2022\Community\VC\Tools\MSVC\14.38.33130\include\algorithm(8013,30): warning C4244: 'argument': conversion from 'int' to 'const _Ty', possible loss of data
C:\Program Files\Microsoft Visual Studio\2022\Community\VC\Tools\MSVC\14.38.33130\include\algorithm(8013,30): warning C4244:         with
C:\Program Files\Microsoft Visual Studio\2022\Community\VC\Tools\MSVC\14.38.33130\include\algorithm(8013,30): warning C4244:         [
C:\Program Files\Microsoft Visual Studio\2022\Community\VC\Tools\MSVC\14.38.33130\include\algorithm(8013,30): warning C4244:             _Ty=float
C:\Program Files\Microsoft Visual Studio\2022\Community\VC\Tools\MSVC\14.38.33130\include\algorithm(8013,30): warning C4244:         ]
  (compiling source file '/src/MainState.cpp')
  
C:\Program Files\Microsoft Visual Studio\2022\Community\VC\Tools\MSVC\14.38.33130\include\algorithm(6457,13): warning C4244: 'argument': conversion from 'int' to 'const _Ty', possible loss of data
C:\Program Files\Microsoft Visual Studio\2022\Community\VC\Tools\MSVC\14.38.33130\include\algorithm(6457,13): warning C4244:         with
C:\Program Files\Microsoft Visual Studio\2022\Community\VC\Tools\MSVC\14.38.33130\include\algorithm(6457,13): warning C4244:         [
C:\Program Files\Microsoft Visual Studio\2022\Community\VC\Tools\MSVC\14.38.33130\include\algorithm(6457,13): warning C4244:             _Ty=float
C:\Program Files\Microsoft Visual Studio\2022\Community\VC\Tools\MSVC\14.38.33130\include\algorithm(6457,13): warning C4244:         ]
  (compiling source file '/src/MainState.cpp')
  C:\Program Files\Microsoft Visual Studio\2022\Community\VC\Tools\MSVC\14.38.33130\include\algorithm(6457,13):
  the template instantiation context (the oldest one first) is
  	C:\Program Files\Microsoft Visual Studio\2022\Community\VC\Tools\MSVC\14.38.33130\include\algorithm(8056,13):
  	see reference to function template instantiation 'void std::_Make_heap_unchecked<_RanIt,_Pr>(_RanIt,_RanIt,_Pr)' being compiled
          with
          [
              _RanIt=int *,
              _Pr=std::less<float>
          ]
  	C:\Program Files\Microsoft Visual Studio\2022\Community\VC\Tools\MSVC\14.38.33130\include\algorithm(6613,14):
  	see reference to function template instantiation 'void std::_Pop_heap_hole_by_index<_RanIt,int,_Pr>(_RanIt,int,int,_Ty &&,_Pr)' being compiled
          with
          [
              _RanIt=int *,
              _Pr=std::less<float>,
              _Ty=int
          ]
  
C:\Program Files\Microsoft Visual Studio\2022\Community\VC\Tools\MSVC\14.38.33130\include\algorithm(6341,26): warning C4244: 'argument': conversion from '_Ty' to 'const _Ty', possible loss of data
C:\Program Files\Microsoft Visual Studio\2022\Community\VC\Tools\MSVC\14.38.33130\include\algorithm(6341,26): warning C4244:         with
C:\Program Files\Microsoft Visual Studio\2022\Community\VC\Tools\MSVC\14.38.33130\include\algorithm(6341,26): warning C4244:         [
C:\Program Files\Microsoft Visual Studio\2022\Community\VC\Tools\MSVC\14.38.33130\include\algorithm(6341,26): warning C4244:             _Ty=int
C:\Program Files\Microsoft Visual Studio\2022\Community\VC\Tools\MSVC\14.38.33130\include\algorithm(6341,26): warning C4244:         ]
C:\Program Files\Microsoft Visual Studio\2022\Community\VC\Tools\MSVC\14.38.33130\include\algorithm(6341,26): warning C4244:         and
C:\Program Files\Microsoft Visual Studio\2022\Community\VC\Tools\MSVC\14.38.33130\include\algorithm(6341,26): warning C4244:         [
C:\Program Files\Microsoft Visual Studio\2022\Community\VC\Tools\MSVC\14.38.33130\include\algorithm(6341,26): warning C4244:             _Ty=float
C:\Program Files\Microsoft Visual Studio\2022\Community\VC\Tools\MSVC\14.38.33130\include\algorithm(6341,26): warning C4244:         ]
  (compiling source file '/src/MainState.cpp')
  C:\Program Files\Microsoft Visual Studio\2022\Community\VC\Tools\MSVC\14.38.33130\include\algorithm(6341,26):
  the template instantiation context (the oldest one first) is
  	C:\Program Files\Microsoft Visual Studio\2022\Community\VC\Tools\MSVC\14.38.33130\include\algorithm(6613,14):
  	see reference to function template instantiation 'void std::_Pop_heap_hole_by_index<_RanIt,int,_Pr>(_RanIt,int,int,_Ty &&,_Pr)' being compiled
          with
          [
              _RanIt=int *,
              _Pr=std::less<float>,
              _Ty=int
          ]
  	C:\Program Files\Microsoft Visual Studio\2022\Community\VC\Tools\MSVC\14.38.33130\include\algorithm(6469,10):
  	see reference to function template instantiation 'void std::_Push_heap_by_index<_RanIt,_Ty,_Pr>(_RanIt,int,int,_Ty &&,_Pr)' being compiled
          with
          [
              _RanIt=int *,
              _Ty=int,
              _Pr=std::less<float>
          ]
  
C:\Program Files\Microsoft Visual Studio\2022\Community\VC\Tools\MSVC\14.38.33130\include\algorithm(6341,26): warning C4244: 'argument': conversion from 'int' to 'const _Ty', possible loss of data
C:\Program Files\Microsoft Visual Studio\2022\Community\VC\Tools\MSVC\14.38.33130\include\algorithm(6341,26): warning C4244:         with
C:\Program Files\Microsoft Visual Studio\2022\Community\VC\Tools\MSVC\14.38.33130\include\algorithm(6341,26): warning C4244:         [
C:\Program Files\Microsoft Visual Studio\2022\Community\VC\Tools\MSVC\14.38.33130\include\algorithm(6341,26): warning C4244:             _Ty=float
C:\Program Files\Microsoft Visual Studio\2022\Community\VC\Tools\MSVC\14.38.33130\include\algorithm(6341,26): warning C4244:         ]
  (compiling source file '/src/MainState.cpp')
  
C:\Program Files\Microsoft Visual Studio\2022\Community\VC\Tools\MSVC\14.38.33130\include\algorithm(7945,9): warning C4244: 'argument': conversion from 'int' to 'const _Ty', possible loss of data
C:\Program Files\Microsoft Visual Studio\2022\Community\VC\Tools\MSVC\14.38.33130\include\algorithm(7945,9): warning C4244:         with
C:\Program Files\Microsoft Visual Studio\2022\Community\VC\Tools\MSVC\14.38.33130\include\algorithm(7945,9): warning C4244:         [
C:\Program Files\Microsoft Visual Studio\2022\Community\VC\Tools\MSVC\14.38.33130\include\algorithm(7945,9): warning C4244:             _Ty=float
C:\Program Files\Microsoft Visual Studio\2022\Community\VC\Tools\MSVC\14.38.33130\include\algorithm(7945,9): warning C4244:         ]
  (compiling source file '/src/MainState.cpp')
  C:\Program Files\Microsoft Visual Studio\2022\Community\VC\Tools\MSVC\14.38.33130\include\algorithm(7945,9):
  the template instantiation context (the oldest one first) is
  	C:\Program Files\Microsoft Visual Studio\2022\Community\VC\Tools\MSVC\14.38.33130\include\algorithm(8062,21):
  	see reference to function template instantiation 'std::pair<_RanIt,_RanIt> std::_Partition_by_median_guess_unchecked<_RanIt,_Pr>(_RanIt,_RanIt,_Pr)' being compiled
          with
          [
              _RanIt=int *,
              _Pr=std::less<float>
          ]
  	C:\Program Files\Microsoft Visual Studio\2022\Community\VC\Tools\MSVC\14.38.33130\include\algorithm(7979,5):
  	see reference to function template instantiation 'void std::_Guess_median_unchecked<_RanIt,_Pr>(_RanIt,_RanIt,_RanIt,_Pr)' being compiled
          with
          [
              _RanIt=int *,
              _Pr=std::less<float>
          ]
  	C:\Program Files\Microsoft Visual Studio\2022\Community\VC\Tools\MSVC\14.38.33130\include\algorithm(7966,9):
  	see reference to function template instantiation 'void std::_Med3_unchecked<_RanIt,_Pr>(_RanIt,_RanIt,_RanIt,_Pr)' being compiled
          with
          [
              _RanIt=int *,
              _Pr=std::less<float>
          ]
  
C:\Program Files\Microsoft Visual Studio\2022\Community\VC\Tools\MSVC\14.38.33130\include\algorithm(7949,9): warning C4244: 'argument': conversion from 'int' to 'const _Ty', possible loss of data
C:\Program Files\Microsoft Visual Studio\2022\Community\VC\Tools\MSVC\14.38.33130\include\algorithm(7949,9): warning C4244:         with
C:\Program Files\Microsoft Visual Studio\2022\Community\VC\Tools\MSVC\14.38.33130\include\algorithm(7949,9): warning C4244:         [
C:\Program Files\Microsoft Visual Studio\2022\Community\VC\Tools\MSVC\14.38.33130\include\algorithm(7949,9): warning C4244:             _Ty=float
C:\Program Files\Microsoft Visual Studio\2022\Community\VC\Tools\MSVC\14.38.33130\include\algorithm(7949,9): warning C4244:         ]
  (compiling source file '/src/MainState.cpp')
  
C:\Program Files\Microsoft Visual Studio\2022\Community\VC\Tools\MSVC\14.38.33130\include\algorithm(7952,13): warning C4244: 'argument': conversion from 'int' to 'const _Ty', possible loss of data
C:\Program Files\Microsoft Visual Studio\2022\Community\VC\Tools\MSVC\14.38.33130\include\algorithm(7952,13): warning C4244:         with
C:\Program Files\Microsoft Visual Studio\2022\Community\VC\Tools\MSVC\14.38.33130\include\algorithm(7952,13): warning C4244:         [
C:\Program Files\Microsoft Visual Studio\2022\Community\VC\Tools\MSVC\14.38.33130\include\algorithm(7952,13): warning C4244:             _Ty=float
C:\Program Files\Microsoft Visual Studio\2022\Community\VC\Tools\MSVC\14.38.33130\include\algorithm(7952,13): warning C4244:         ]
  (compiling source file '/src/MainState.cpp')
  
  MenuState.cpp
  Game.cpp
C:\Users\Domi\Desktop\FH-MMT\Semester3\mmp2a_isa_domi\src\Tileson.hpp(2670,28): warning C4244: 'argument': conversion from 'std::streamoff' to 'const unsigned int', possible loss of data
  (compiling source file '/src/Game.cpp')
  
  GameObject.cpp
  GameStateManager.cpp
  InputManager.cpp
  BindingState.cpp
  BulletPool.cpp
C:\Users\Domi\Desktop\FH-MMT\Semester3\mmp2a_isa_domi\src\Tileson.hpp(2670,28): warning C4244: 'argument': conversion from 'std::streamoff' to 'const unsigned int', possible loss of data
  (compiling source file '/src/BulletPool.cpp')
  
  ColliderComponent.cpp
  CountEvent.cpp
  DebugDraw.cpp
C:\Users\Domi\Desktop\FH-MMT\Semester3\mmp2a_isa_domi\src\Tileson.hpp(2670,28): warning C4244: 'argument': conversion from 'std::streamoff' to 'const unsigned int', possible loss of data
  (compiling source file '/src/DebugDraw.cpp')
  
  EndState.cpp
C:\Users\Domi\Desktop\FH-MMT\Semester3\mmp2a_isa_domi\src\Tileson.hpp(2670,28): warning C4244: 'argument': conversion from 'std::streamoff' to 'const unsigned int', possible loss of data
  (compiling source file '/src/EndState.cpp')
  
C:\Users\Domi\Desktop\FH-MMT\Semester3\mmp2a_isa_domi\src\EndState.cpp(124,34): warning C4244: 'argument': conversion from 'float' to '_Ty', possible loss of data
C:\Users\Domi\Desktop\FH-MMT\Semester3\mmp2a_isa_domi\src\EndState.cpp(124,34): warning C4244:         with
C:\Users\Domi\Desktop\FH-MMT\Semester3\mmp2a_isa_domi\src\EndState.cpp(124,34): warning C4244:         [
C:\Users\Domi\Desktop\FH-MMT\Semester3\mmp2a_isa_domi\src\EndState.cpp(124,34): warning C4244:             _Ty=int
C:\Users\Domi\Desktop\FH-MMT\Semester3\mmp2a_isa_domi\src\EndState.cpp(124,34): warning C4244:         ]
  (compiling source file '/src/EndState.cpp')
  
  EnemieMovementComponent.cpp
  EnemyShootComponent.cpp
C:\Users\Domi\Desktop\FH-MMT\Semester3\mmp2a_isa_domi\src\Tileson.hpp(2670,28): warning C4244: 'argument': conversion from 'std::streamoff' to 'const unsigned int', possible loss of data
  (compiling source file '/src/EnemyShootComponent.cpp')
  
  EventBus.cpp
  GameObjectEvents.cpp
  GameObjectManager.cpp
  HealthComponent.cpp
C:\Users\Domi\Desktop\FH-MMT\Semester3\mmp2a_isa_domi\src\Tileson.hpp(2670,28): warning C4244: 'argument': conversion from 'std::streamoff' to 'const unsigned int', possible loss of data
  (compiling source file '/src/HealthComponent.cpp')
  
  LoseState.cpp
C:\Users\Domi\Desktop\FH-MMT\Semester3\mmp2a_isa_domi\src\Tileson.hpp(2670,28): warning C4244: 'argument': conversion from 'std::streamoff' to 'const unsigned int', possible loss of data
  (compiling source file '/src/LoseState.cpp')
  
  Compiling...
  ObjectFactory.cpp
C:\Users\Domi\Desktop\FH-MMT\Semester3\mmp2a_isa_domi\src\Tileson.hpp(2670,28): warning C4244: 'argument': conversion from 'std::streamoff' to 'const unsigned int', possible loss of data
  (compiling source file '/src/ObjectFactory.cpp')
  
  PhysicsComponentEvents.cpp
  PhysicsManager.cpp
C:\Users\Domi\Desktop\FH-MMT\Semester3\mmp2a_isa_domi\src\Tileson.hpp(2670,28): warning C4244: 'argument': conversion from 'std::streamoff' to 'const unsigned int', possible loss of data
  (compiling source file '/src/PhysicsManager.cpp')
  
C:\Users\Domi\Desktop\FH-MMT\Semester3\mmp2a_isa_domi\src\PhysicsManager.cpp(101,24): warning C4018: '<': signed/unsigned mismatch
  (compiling source file '/src/PhysicsManager.cpp')
  
C:\Users\Domi\Desktop\FH-MMT\Semester3\mmp2a_isa_domi\src\PhysicsManager.cpp(139,80): warning C4244: 'argument': conversion from 'const T' to 'float', possible loss of data
C:\Users\Domi\Desktop\FH-MMT\Semester3\mmp2a_isa_domi\src\PhysicsManager.cpp(139,80): warning C4244:         with
C:\Users\Domi\Desktop\FH-MMT\Semester3\mmp2a_isa_domi\src\PhysicsManager.cpp(139,80): warning C4244:         [
C:\Users\Domi\Desktop\FH-MMT\Semester3\mmp2a_isa_domi\src\PhysicsManager.cpp(139,80): warning C4244:             T=int
C:\Users\Domi\Desktop\FH-MMT\Semester3\mmp2a_isa_domi\src\PhysicsManager.cpp(139,80): warning C4244:         ]
  (compiling source file '/src/PhysicsManager.cpp')
  
C:\Users\Domi\Desktop\FH-MMT\Semester3\mmp2a_isa_domi\src\PhysicsManager.cpp(139,73): warning C4244: 'argument': conversion from 'const T' to 'float', possible loss of data
C:\Users\Domi\Desktop\FH-MMT\Semester3\mmp2a_isa_domi\src\PhysicsManager.cpp(139,73): warning C4244:         with
C:\Users\Domi\Desktop\FH-MMT\Semester3\mmp2a_isa_domi\src\PhysicsManager.cpp(139,73): warning C4244:         [
C:\Users\Domi\Desktop\FH-MMT\Semester3\mmp2a_isa_domi\src\PhysicsManager.cpp(139,73): warning C4244:             T=int
C:\Users\Domi\Desktop\FH-MMT\Semester3\mmp2a_isa_domi\src\PhysicsManager.cpp(139,73): warning C4244:         ]
  (compiling source file '/src/PhysicsManager.cpp')
  
  AnimationComponent.cpp
C:\Users\Domi\Desktop\FH-MMT\Semester3\mmp2a_isa_domi\src\AnimationComponent.cpp(62,28): warning C4244: 'initializing': conversion from 'double' to 'float', possible loss of data
  (compiling source file '/src/AnimationComponent.cpp')
  
  ObeliskHealthComponent.cpp
  PlayerMoveComponent.cpp
  CameraRenderComponent.cpp
  PlayerShootComponent.cpp
C:\Users\Domi\Desktop\FH-MMT\Semester3\mmp2a_isa_domi\src\Tileson.hpp(2670,28): warning C4244: 'argument': conversion from 'std::streamoff' to 'const unsigned int', possible loss of data
  (compiling source file '/src/PlayerShootComponent.cpp')
  
  RenderComponentEvents.cpp
  RigidBodyComponent.cpp
C:\Users\Domi\Desktop\FH-MMT\Semester3\mmp2a_isa_domi\src\Tileson.hpp(2670,28): warning C4244: 'argument': conversion from 'std::streamoff' to 'const unsigned int', possible loss of data
  (compiling source file '/src/RigidBodyComponent.cpp')
  
  TransformAnimationSmoothFollow.cpp
  SpriteManager.cpp
  SpriteRenderComponent.cpp
  TileMapLoader.cpp
C:\Users\Domi\Desktop\FH-MMT\Semester3\mmp2a_isa_domi\src\Tileson.hpp(2670,28): warning C4244: 'argument': conversion from 'std::streamoff' to 'const unsigned int', possible loss of data
  (compiling source file '/src/TileMapLoader.cpp')
  
C:\Users\Domi\Desktop\FH-MMT\Semester3\mmp2a_isa_domi\src\TileMapLoader.cpp(58,40): warning C4244: '=': conversion from 'T' to 'T', possible loss of data
C:\Users\Domi\Desktop\FH-MMT\Semester3\mmp2a_isa_domi\src\TileMapLoader.cpp(58,40): warning C4244:         with
C:\Users\Domi\Desktop\FH-MMT\Semester3\mmp2a_isa_domi\src\TileMapLoader.cpp(58,40): warning C4244:         [
C:\Users\Domi\Desktop\FH-MMT\Semester3\mmp2a_isa_domi\src\TileMapLoader.cpp(58,40): warning C4244:             T=int
C:\Users\Domi\Desktop\FH-MMT\Semester3\mmp2a_isa_domi\src\TileMapLoader.cpp(58,40): warning C4244:         ]
C:\Users\Domi\Desktop\FH-MMT\Semester3\mmp2a_isa_domi\src\TileMapLoader.cpp(58,40): warning C4244:         and
C:\Users\Domi\Desktop\FH-MMT\Semester3\mmp2a_isa_domi\src\TileMapLoader.cpp(58,40): warning C4244:         [
C:\Users\Domi\Desktop\FH-MMT\Semester3\mmp2a_isa_domi\src\TileMapLoader.cpp(58,40): warning C4244:             T=float
C:\Users\Domi\Desktop\FH-MMT\Semester3\mmp2a_isa_domi\src\TileMapLoader.cpp(58,40): warning C4244:         ]
  (compiling source file '/src/TileMapLoader.cpp')
  
C:\Users\Domi\Desktop\FH-MMT\Semester3\mmp2a_isa_domi\src\TileMapLoader.cpp(59,40): warning C4244: '=': conversion from 'T' to 'T', possible loss of data
C:\Users\Domi\Desktop\FH-MMT\Semester3\mmp2a_isa_domi\src\TileMapLoader.cpp(59,40): warning C4244:         with
C:\Users\Domi\Desktop\FH-MMT\Semester3\mmp2a_isa_domi\src\TileMapLoader.cpp(59,40): warning C4244:         [
C:\Users\Domi\Desktop\FH-MMT\Semester3\mmp2a_isa_domi\src\TileMapLoader.cpp(59,40): warning C4244:             T=int
C:\Users\Domi\Desktop\FH-MMT\Semester3\mmp2a_isa_domi\src\TileMapLoader.cpp(59,40): warning C4244:         ]
C:\Users\Domi\Desktop\FH-MMT\Semester3\mmp2a_isa_domi\src\TileMapLoader.cpp(59,40): warning C4244:         and
C:\Users\Domi\Desktop\FH-MMT\Semester3\mmp2a_isa_domi\src\TileMapLoader.cpp(59,40): warning C4244:         [
C:\Users\Domi\Desktop\FH-MMT\Semester3\mmp2a_isa_domi\src\TileMapLoader.cpp(59,40): warning C4244:             T=float
C:\Users\Domi\Desktop\FH-MMT\Semester3\mmp2a_isa_domi\src\TileMapLoader.cpp(59,40): warning C4244:         ]
  (compiling source file '/src/TileMapLoader.cpp')
  
  TransformAnimationComponent.cpp
  TransformAnimationConstantMotion.cpp
  TileLayerRenderComponent.cpp
     Creating library C:\Users\Domi\Desktop\FH-MMT\Semester3\mmp2a_isa_domi\vs2022\..\bin\FinalFrontier-x86-Release.lib and object C:\Users\Domi\Desktop\FH-MMT\Semester3\mmp2a_isa_domi\vs2022\..\bin\FinalFrontier-x86-Release.exp
  Generating code
  191 of 7359 functions ( 2.6%) were compiled, the rest were copied from previous compilation.
    0 functions were new in current compilation
    113 functions had inline decision re-evaluated but remain unchanged
  Finished generating code
  FinalFrontier.vcxproj -> C:\Users\Domi\Desktop\FH-MMT\Semester3\mmp2a_isa_domi\bin\FinalFrontier-x86-Release.exe
