c:\users\domi\desktop\fh-mmt\semester3\mmp2a_isa_domi\bin\finalfrontier-x86-debug.bsc
c:\users\domi\desktop\fh-mmt\semester3\mmp2a_isa_domi\tmp\win32\debug\vc143.pdb
c:\users\domi\desktop\fh-mmt\semester3\mmp2a_isa_domi\tmp\win32\debug\vc143.idb
c:\users\domi\desktop\fh-mmt\semester3\mmp2a_isa_domi\tmp\win32\debug\main.sbr
c:\users\domi\desktop\fh-mmt\semester3\mmp2a_isa_domi\tmp\win32\debug\mainstate.sbr
c:\users\domi\desktop\fh-mmt\semester3\mmp2a_isa_domi\tmp\win32\debug\menustate.sbr
c:\users\domi\desktop\fh-mmt\semester3\mmp2a_isa_domi\tmp\win32\debug\game.sbr
c:\users\domi\desktop\fh-mmt\semester3\mmp2a_isa_domi\tmp\win32\debug\gameobject.sbr
c:\users\domi\desktop\fh-mmt\semester3\mmp2a_isa_domi\tmp\win32\debug\gamestatemanager.sbr
c:\users\domi\desktop\fh-mmt\semester3\mmp2a_isa_domi\tmp\win32\debug\inputmanager.sbr
c:\users\domi\desktop\fh-mmt\semester3\mmp2a_isa_domi\tmp\win32\debug\animatedsprite.sbr
c:\users\domi\desktop\fh-mmt\semester3\mmp2a_isa_domi\tmp\win32\debug\animation.sbr
c:\users\domi\desktop\fh-mmt\semester3\mmp2a_isa_domi\tmp\win32\debug\bulletpool.sbr
c:\users\domi\desktop\fh-mmt\semester3\mmp2a_isa_domi\tmp\win32\debug\collidercomponent.sbr
c:\users\domi\desktop\fh-mmt\semester3\mmp2a_isa_domi\tmp\win32\debug\debugdraw.sbr
c:\users\domi\desktop\fh-mmt\semester3\mmp2a_isa_domi\tmp\win32\debug\enemiemovementcomponent.sbr
c:\users\domi\desktop\fh-mmt\semester3\mmp2a_isa_domi\tmp\win32\debug\enemystatemanager.sbr
c:\users\domi\desktop\fh-mmt\semester3\mmp2a_isa_domi\tmp\win32\debug\eventbus.sbr
c:\users\domi\desktop\fh-mmt\semester3\mmp2a_isa_domi\tmp\win32\debug\gameobjectevents.sbr
c:\users\domi\desktop\fh-mmt\semester3\mmp2a_isa_domi\tmp\win32\debug\gameobjectmanager.sbr
c:\users\domi\desktop\fh-mmt\semester3\mmp2a_isa_domi\tmp\win32\debug\objectfactory.sbr
c:\users\domi\desktop\fh-mmt\semester3\mmp2a_isa_domi\tmp\win32\debug\physicscomponentevents.sbr
c:\users\domi\desktop\fh-mmt\semester3\mmp2a_isa_domi\tmp\win32\debug\physicsmanager.sbr
c:\users\domi\desktop\fh-mmt\semester3\mmp2a_isa_domi\tmp\win32\debug\physicsmanager.obj
c:\users\domi\desktop\fh-mmt\semester3\mmp2a_isa_domi\tmp\win32\debug\physicscomponentevents.obj
c:\users\domi\desktop\fh-mmt\semester3\mmp2a_isa_domi\tmp\win32\debug\objectfactory.obj
c:\users\domi\desktop\fh-mmt\semester3\mmp2a_isa_domi\tmp\win32\debug\gameobjectmanager.obj
c:\users\domi\desktop\fh-mmt\semester3\mmp2a_isa_domi\tmp\win32\debug\gameobjectevents.obj
c:\users\domi\desktop\fh-mmt\semester3\mmp2a_isa_domi\tmp\win32\debug\eventbus.obj
c:\users\domi\desktop\fh-mmt\semester3\mmp2a_isa_domi\tmp\win32\debug\enemiemovementcomponent.obj
c:\users\domi\desktop\fh-mmt\semester3\mmp2a_isa_domi\tmp\win32\debug\debugdraw.obj
c:\users\domi\desktop\fh-mmt\semester3\mmp2a_isa_domi\tmp\win32\debug\collidercomponent.obj
c:\users\domi\desktop\fh-mmt\semester3\mmp2a_isa_domi\tmp\win32\debug\bulletpool.obj
c:\users\domi\desktop\fh-mmt\semester3\mmp2a_isa_domi\tmp\win32\debug\inputmanager.obj
c:\users\domi\desktop\fh-mmt\semester3\mmp2a_isa_domi\tmp\win32\debug\gamestatemanager.obj
c:\users\domi\desktop\fh-mmt\semester3\mmp2a_isa_domi\tmp\win32\debug\gameobject.obj
c:\users\domi\desktop\fh-mmt\semester3\mmp2a_isa_domi\tmp\win32\debug\game.obj
c:\users\domi\desktop\fh-mmt\semester3\mmp2a_isa_domi\tmp\win32\debug\menustate.obj
c:\users\domi\desktop\fh-mmt\semester3\mmp2a_isa_domi\tmp\win32\debug\mainstate.obj
c:\users\domi\desktop\fh-mmt\semester3\mmp2a_isa_domi\tmp\win32\debug\main.obj
c:\users\domi\desktop\fh-mmt\semester3\mmp2a_isa_domi\tmp\win32\debug\playeranimationcomponent.sbr
c:\users\domi\desktop\fh-mmt\semester3\mmp2a_isa_domi\tmp\win32\debug\obeliskhealthcomponent.sbr
c:\users\domi\desktop\fh-mmt\semester3\mmp2a_isa_domi\tmp\win32\debug\playermovecomponent.sbr
c:\users\domi\desktop\fh-mmt\semester3\mmp2a_isa_domi\tmp\win32\debug\camerarendercomponent.sbr
c:\users\domi\desktop\fh-mmt\semester3\mmp2a_isa_domi\tmp\win32\debug\playershootcomponent.sbr
c:\users\domi\desktop\fh-mmt\semester3\mmp2a_isa_domi\tmp\win32\debug\rendercomponentevents.sbr
c:\users\domi\desktop\fh-mmt\semester3\mmp2a_isa_domi\tmp\win32\debug\rigidbodycomponent.sbr
c:\users\domi\desktop\fh-mmt\semester3\mmp2a_isa_domi\tmp\win32\debug\transformanimationsmoothfollow.sbr
c:\users\domi\desktop\fh-mmt\semester3\mmp2a_isa_domi\tmp\win32\debug\spritemanager.sbr
c:\users\domi\desktop\fh-mmt\semester3\mmp2a_isa_domi\tmp\win32\debug\spriterendercomponent.sbr
c:\users\domi\desktop\fh-mmt\semester3\mmp2a_isa_domi\tmp\win32\debug\tilemaploader.sbr
c:\users\domi\desktop\fh-mmt\semester3\mmp2a_isa_domi\tmp\win32\debug\transformanimationcomponent.sbr
c:\users\domi\desktop\fh-mmt\semester3\mmp2a_isa_domi\tmp\win32\debug\transformanimationconstantmotion.sbr
c:\users\domi\desktop\fh-mmt\semester3\mmp2a_isa_domi\tmp\win32\debug\tilelayerrendercomponent.sbr
c:\users\domi\desktop\fh-mmt\semester3\mmp2a_isa_domi\tmp\win32\debug\tilelayerrendercomponent.obj
c:\users\domi\desktop\fh-mmt\semester3\mmp2a_isa_domi\tmp\win32\debug\transformanimationconstantmotion.obj
c:\users\domi\desktop\fh-mmt\semester3\mmp2a_isa_domi\tmp\win32\debug\transformanimationcomponent.obj
c:\users\domi\desktop\fh-mmt\semester3\mmp2a_isa_domi\tmp\win32\debug\tilemaploader.obj
c:\users\domi\desktop\fh-mmt\semester3\mmp2a_isa_domi\tmp\win32\debug\spriterendercomponent.obj
c:\users\domi\desktop\fh-mmt\semester3\mmp2a_isa_domi\tmp\win32\debug\spritemanager.obj
c:\users\domi\desktop\fh-mmt\semester3\mmp2a_isa_domi\tmp\win32\debug\transformanimationsmoothfollow.obj
c:\users\domi\desktop\fh-mmt\semester3\mmp2a_isa_domi\tmp\win32\debug\rigidbodycomponent.obj
c:\users\domi\desktop\fh-mmt\semester3\mmp2a_isa_domi\tmp\win32\debug\rendercomponentevents.obj
c:\users\domi\desktop\fh-mmt\semester3\mmp2a_isa_domi\tmp\win32\debug\playershootcomponent.obj
c:\users\domi\desktop\fh-mmt\semester3\mmp2a_isa_domi\tmp\win32\debug\camerarendercomponent.obj
c:\users\domi\desktop\fh-mmt\semester3\mmp2a_isa_domi\tmp\win32\debug\playermovecomponent.obj
c:\users\domi\desktop\fh-mmt\semester3\mmp2a_isa_domi\tmp\win32\debug\obeliskhealthcomponent.obj
c:\users\domi\desktop\fh-mmt\semester3\mmp2a_isa_domi\tmp\win32\debug\enemyshootcomponent.sbr
c:\users\domi\desktop\fh-mmt\semester3\mmp2a_isa_domi\tmp\win32\debug\enemyshootcomponent.obj
c:\users\domi\desktop\fh-mmt\semester3\mmp2a_isa_domi\tmp\win32\debug\healthcomponent.sbr
c:\users\domi\desktop\fh-mmt\semester3\mmp2a_isa_domi\tmp\win32\debug\healthcomponent.obj
c:\users\domi\desktop\fh-mmt\semester3\mmp2a_isa_domi\tmp\win32\debug\bindingstate.sbr
c:\users\domi\desktop\fh-mmt\semester3\mmp2a_isa_domi\tmp\win32\debug\bindingstate.obj
c:\users\domi\desktop\fh-mmt\semester3\mmp2a_isa_domi\tmp\win32\debug\endstate.sbr
c:\users\domi\desktop\fh-mmt\semester3\mmp2a_isa_domi\tmp\win32\debug\endstate.obj
c:\users\domi\desktop\fh-mmt\semester3\mmp2a_isa_domi\tmp\win32\debug\countevent.sbr
c:\users\domi\desktop\fh-mmt\semester3\mmp2a_isa_domi\tmp\win32\debug\countevent.obj
c:\users\domi\desktop\fh-mmt\semester3\mmp2a_isa_domi\tmp\win32\debug\animationcomponent.sbr
c:\users\domi\desktop\fh-mmt\semester3\mmp2a_isa_domi\tmp\win32\debug\animationcomponent.obj
c:\users\domi\desktop\fh-mmt\semester3\mmp2a_isa_domi\tmp\win32\debug\losestate.sbr
c:\users\domi\desktop\fh-mmt\semester3\mmp2a_isa_domi\tmp\win32\debug\losestate.obj
c:\users\domi\desktop\fh-mmt\semester3\mmp2a_isa_domi\tmp\win32\debug\finalfrontier-x86-debug.pch
c:\users\domi\desktop\fh-mmt\semester3\mmp2a_isa_domi\tmp\win32\debug\stdafx.sbr
c:\users\domi\desktop\fh-mmt\semester3\mmp2a_isa_domi\tmp\win32\debug\stdafx.obj
c:\users\domi\desktop\fh-mmt\semester3\mmp2a_isa_domi\bin\finalfrontier-x86-debug.lib
c:\users\domi\desktop\fh-mmt\semester3\mmp2a_isa_domi\bin\finalfrontier-x86-debug.exp
c:\users\domi\desktop\fh-mmt\semester3\mmp2a_isa_domi\tmp\win32\debug\animatedsprite.obj
c:\users\domi\desktop\fh-mmt\semester3\mmp2a_isa_domi\tmp\win32\debug\animation.obj
c:\users\domi\desktop\fh-mmt\semester3\mmp2a_isa_domi\tmp\win32\debug\enemystatemanager.obj
c:\users\domi\desktop\fh-mmt\semester3\mmp2a_isa_domi\tmp\win32\debug\playeranimationcomponent.obj
c:\users\domi\desktop\fh-mmt\semester3\mmp2a_isa_domi\tmp\win32\debug\gamestatemanager.obj.enc
c:\users\domi\desktop\fh-mmt\semester3\mmp2a_isa_domi\vs2022\..\bin\finalfrontier-x86-debug.pdb
c:\users\domi\desktop\fh-mmt\semester3\mmp2a_isa_domi\vs2022\..\bin\finalfrontier-x86-debug.bsc
c:\users\domi\desktop\fh-mmt\semester3\mmp2a_isa_domi\vs2022\..\tmp\win32\debug\finalfrontier.vcxproj.filelistabsolute.txt
c:\users\domi\desktop\fh-mmt\semester3\mmp2a_isa_domi\tmp\win32\debug\finalfrontier.tlog\bscmake.command.1.tlog
c:\users\domi\desktop\fh-mmt\semester3\mmp2a_isa_domi\tmp\win32\debug\finalfrontier.tlog\bscmake.read.1.tlog
c:\users\domi\desktop\fh-mmt\semester3\mmp2a_isa_domi\tmp\win32\debug\finalfrontier.tlog\bscmake.write.1.tlog
c:\users\domi\desktop\fh-mmt\semester3\mmp2a_isa_domi\tmp\win32\debug\finalfrontier.tlog\cl.command.1.tlog
c:\users\domi\desktop\fh-mmt\semester3\mmp2a_isa_domi\tmp\win32\debug\finalfrontier.tlog\cl.items.tlog
c:\users\domi\desktop\fh-mmt\semester3\mmp2a_isa_domi\tmp\win32\debug\finalfrontier.tlog\cl.read.1.tlog
c:\users\domi\desktop\fh-mmt\semester3\mmp2a_isa_domi\tmp\win32\debug\finalfrontier.tlog\cl.write.1.tlog
c:\users\domi\desktop\fh-mmt\semester3\mmp2a_isa_domi\tmp\win32\debug\finalfrontier.tlog\link.30268-cvtres.read.1.tlog
c:\users\domi\desktop\fh-mmt\semester3\mmp2a_isa_domi\tmp\win32\debug\finalfrontier.tlog\link.30268-cvtres.write.1.tlog
c:\users\domi\desktop\fh-mmt\semester3\mmp2a_isa_domi\tmp\win32\debug\finalfrontier.tlog\link.30268-rc.read.1.tlog
c:\users\domi\desktop\fh-mmt\semester3\mmp2a_isa_domi\tmp\win32\debug\finalfrontier.tlog\link.30268-rc.write.1.tlog
c:\users\domi\desktop\fh-mmt\semester3\mmp2a_isa_domi\tmp\win32\debug\finalfrontier.tlog\link.30268.read.1.tlog
c:\users\domi\desktop\fh-mmt\semester3\mmp2a_isa_domi\tmp\win32\debug\finalfrontier.tlog\link.30268.write.1.tlog
c:\users\domi\desktop\fh-mmt\semester3\mmp2a_isa_domi\tmp\win32\debug\finalfrontier.tlog\link.command.1.tlog
c:\users\domi\desktop\fh-mmt\semester3\mmp2a_isa_domi\tmp\win32\debug\finalfrontier.tlog\link.read.1.tlog
c:\users\domi\desktop\fh-mmt\semester3\mmp2a_isa_domi\tmp\win32\debug\finalfrontier.tlog\link.write.1.tlog
c:\users\domi\desktop\fh-mmt\semester3\mmp2a_isa_domi\tmp\win32\debug\finalfrontier.tlog\link.write.2u.tlog
